19:55:19 **** Build of configuration Debug for project gen_poziomic ****
make all 
Building file: ../src/main.cpp
Invoking: GCC C++ Compiler
g++ -O0 -g3 -Wall -c -fmessage-length=0 -MMD -MP -MF"src/main.d" -MT"src/main.d" -o "src/main.o" "../src/main.cpp"
Finished building: ../src/main.cpp
 
Building target: gen_poziomic
Invoking: GCC C++ Linker
g++  -o "gen_poziomic"  ./src/main.o   
Finished building target: gen_poziomic
 
19:55:23 **** Incremental Build of configuration Debug for project gen_poziomic ****
make all 
make: Nie ma nic do zrobienia w `all'.
20:08:03 **** Incremental Build of configuration Debug for project gen_poziomic ****
make all 
Building file: ../src/main.cpp
Invoking: GCC C++ Compiler
g++ -O0 -g3 -Wall -c -fmessage-length=0 -MMD -MP -MF"src/main.d" -MT"src/main.d" -o "src/main.o" "../src/main.cpp"
Finished building: ../src/main.cpp
 
Building file: ../src/utils.cpp
Invoking: GCC C++ Compiler
g++ -O0 -g3 -Wall -c -fmessage-length=0 -MMD -MP -MF"src/utils.d" -MT"src/utils.d" -o "src/utils.o" "../src/utils.cpp"
Finished building: ../src/utils.cpp
 
Building target: gen_poziomic
Invoking: GCC C++ Linker
g++  -o "gen_poziomic"  ./src/main.o ./src/utils.o   
Finished building target: gen_poziomic
 
20:08:21 **** Incremental Build of configuration Debug for project gen_poziomic ****
make all 
make: Nie ma nic do zrobienia w `all'.
20:34:30 **** Incremental Build of configuration Debug for project gen_poziomic ****
make all 
Building file: ../src/bitmap_test.cpp
Invoking: GCC C++ Compiler
g++ -O0 -g3 -Wall -c -fmessage-length=0 -MMD -MP -MF"src/bitmap_test.d" -MT"src/bitmap_test.d" -o "src/bitmap_test.o" "../src/bitmap_test.cpp"
../src/bitmap_test.cpp:25:28: fatal error: bitmap_image.hpp: Nie ma takiego pliku ani katalogu
 #include "bitmap_image.hpp"
                            ^
compilation terminated.
make: *** [src/bitmap_test.o] Błąd 1
20:34:30 **** Incremental Build of configuration Debug for project gen_poziomic ****
make all 
Building file: ../src/bitmap_test.cpp
Invoking: GCC C++ Compiler
g++ -O0 -g3 -Wall -c -fmessage-length=0 -MMD -MP -MF"src/bitmap_test.d" -MT"src/bitmap_test.d" -o "src/bitmap_test.o" "../src/bitmap_test.cpp"
../src/bitmap_test.cpp:25:28: fatal error: bitmap_image.hpp: Nie ma takiego pliku ani katalogu
 #include "bitmap_image.hpp"
                            ^
compilation terminated.
make: *** [src/bitmap_test.o] Błąd 1
20:35:18 **** Incremental Build of configuration Debug for project gen_poziomic ****
make all 
Building file: ../src/bitmap_test.cpp
Invoking: GCC C++ Compiler
g++ -O0 -g3 -Wall -c -fmessage-length=0 -MMD -MP -MF"src/bitmap_test.d" -MT"src/bitmap_test.d" -o "src/bitmap_test.o" "../src/bitmap_test.cpp"
Finished building: ../src/bitmap_test.cpp
 
Building file: ../src/main.cpp
Invoking: GCC C++ Compiler
g++ -O0 -g3 -Wall -c -fmessage-length=0 -MMD -MP -MF"src/main.d" -MT"src/main.d" -o "src/main.o" "../src/main.cpp"
../src/main.cpp: In function ‘int main(int, char**)’:
../src/main.cpp:25:6: warning: unused variable ‘x’ [-Wunused-variable]
  int x = 1000;
      ^
../src/main.cpp:26:6: warning: unused variable ‘y’ [-Wunused-variable]
  int y = 1000;
      ^
../src/main.cpp:27:6: warning: unused variable ‘interwal’ [-Wunused-variable]
  int interwal = 20;
      ^
Finished building: ../src/main.cpp
 
Building target: gen_poziomic
Invoking: GCC C++ Linker
g++  -o "gen_poziomic"  ./src/bitmap_test.o ./src/main.o ./src/utils.o   
./src/main.o: In function `main':
/home/michal/Projekty/R_ALHE/Generator_poziomic/gen_poziomic/Debug/../src/main.cpp:15: multiple definition of `main'
./src/bitmap_test.o:/home/michal/Projekty/R_ALHE/Generator_poziomic/gen_poziomic/Debug/../src/bitmap_test.cpp:494: first defined here
collect2: error: ld returned 1 exit status
make: *** [gen_poziomic] Błąd 1
20:35:52 **** Incremental Build of configuration Debug for project gen_poziomic ****
make all 
Building target: gen_poziomic
Invoking: GCC C++ Linker
g++  -o "gen_poziomic"  ./src/main.o ./src/utils.o   
Finished building target: gen_poziomic
 
20:36:00 **** Incremental Build of configuration Debug for project gen_poziomic ****
make all 
Building file: ../src/main.cpp
Invoking: GCC C++ Compiler
g++ -O0 -g3 -Wall -c -fmessage-length=0 -MMD -MP -MF"src/main.d" -MT"src/main.d" -o "src/main.o" "../src/main.cpp"
../src/main.cpp: In function ‘int main(int, char**)’:
../src/main.cpp:25:6: warning: unused variable ‘x’ [-Wunused-variable]
  int x = 1000;
      ^
../src/main.cpp:26:6: warning: unused variable ‘y’ [-Wunused-variable]
  int y = 1000;
      ^
../src/main.cpp:27:6: warning: unused variable ‘interwal’ [-Wunused-variable]
  int interwal = 20;
      ^
Finished building: ../src/main.cpp
 
Building file: ../src/utils.cpp
Invoking: GCC C++ Compiler
g++ -O0 -g3 -Wall -c -fmessage-length=0 -MMD -MP -MF"src/utils.d" -MT"src/utils.d" -o "src/utils.o" "../src/utils.cpp"
Finished building: ../src/utils.cpp
 
Building target: gen_poziomic
Invoking: GCC C++ Linker
g++  -o "gen_poziomic"  ./src/main.o ./src/utils.o   
Finished building target: gen_poziomic
 
20:41:29 **** Incremental Build of configuration Debug for project gen_poziomic ****
make all 
Building file: ../src/main.cpp
Invoking: GCC C++ Compiler
g++ -O0 -g3 -Wall -c -fmessage-length=0 -MMD -MP -MF"src/main.d" -MT"src/main.d" -o "src/main.o" "../src/main.cpp"
../src/main.cpp: In function ‘int main(int, char**)’:
../src/main.cpp:25:6: warning: unused variable ‘x’ [-Wunused-variable]
  int x = 1000;
      ^
../src/main.cpp:26:6: warning: unused variable ‘y’ [-Wunused-variable]
  int y = 1000;
      ^
../src/main.cpp:27:6: warning: unused variable ‘interwal’ [-Wunused-variable]
  int interwal = 20;
      ^
Finished building: ../src/main.cpp
 
Building target: gen_poziomic
Invoking: GCC C++ Linker
g++  -o "gen_poziomic"  ./src/main.o ./src/utils.o   
Finished building target: gen_poziomic
 
20:42:01 **** Incremental Build of configuration Debug for project gen_poziomic ****
make all 
Building file: ../src/main.cpp
Invoking: GCC C++ Compiler
g++ -O0 -g3 -Wall -c -fmessage-length=0 -MMD -MP -MF"src/main.d" -MT"src/main.d" -o "src/main.o" "../src/main.cpp"
../src/main.cpp: In function ‘int main(int, char**)’:
../src/main.cpp:25:6: warning: unused variable ‘x’ [-Wunused-variable]
  int x = 1000;
      ^
../src/main.cpp:26:6: warning: unused variable ‘y’ [-Wunused-variable]
  int y = 1000;
      ^
../src/main.cpp:27:6: warning: unused variable ‘interwal’ [-Wunused-variable]
  int interwal = 20;
      ^
Finished building: ../src/main.cpp
 
Building target: gen_poziomic
Invoking: GCC C++ Linker
g++  -o "gen_poziomic"  ./src/main.o ./src/utils.o   
Finished building target: gen_poziomic
 
20:42:10 **** Incremental Build of configuration Debug for project gen_poziomic ****
make all 
make: Nie ma nic do zrobienia w `all'.
20:42:36 **** Incremental Build of configuration Debug for project gen_poziomic ****
make all 
Building file: ../src/main.cpp
Invoking: GCC C++ Compiler
g++ -O0 -g3 -Wall -c -fmessage-length=0 -MMD -MP -MF"src/main.d" -MT"src/main.d" -o "src/main.o" "../src/main.cpp"
../src/main.cpp: In function ‘int main(int, char**)’:
../src/main.cpp:30:9: warning: the address of ‘bitmap_image image()’ will always evaluate as ‘true’ [-Waddress]
    if (!image)
         ^
../src/main.cpp:35:10: error: request for member ‘save_image’ in ‘image’, which is of non-class type ‘bitmap_image()’
    image.save_image("test01_saved.bmp");
          ^
../src/main.cpp:25:6: warning: unused variable ‘x’ [-Wunused-variable]
  int x = 1000;
      ^
../src/main.cpp:26:6: warning: unused variable ‘y’ [-Wunused-variable]
  int y = 1000;
      ^
../src/main.cpp:27:6: warning: unused variable ‘interwal’ [-Wunused-variable]
  int interwal = 20;
      ^
make: *** [src/main.o] Błąd 1
20:43:01 **** Incremental Build of configuration Debug for project gen_poziomic ****
make all 
Building file: ../src/main.cpp
Invoking: GCC C++ Compiler
g++ -O0 -g3 -Wall -c -fmessage-length=0 -MMD -MP -MF"src/main.d" -MT"src/main.d" -o "src/main.o" "../src/main.cpp"
../src/main.cpp: In function ‘int main(int, char**)’:
../src/main.cpp:25:6: warning: unused variable ‘x’ [-Wunused-variable]
  int x = 1000;
      ^
../src/main.cpp:26:6: warning: unused variable ‘y’ [-Wunused-variable]
  int y = 1000;
      ^
../src/main.cpp:27:6: warning: unused variable ‘interwal’ [-Wunused-variable]
  int interwal = 20;
      ^
Finished building: ../src/main.cpp
 
Building target: gen_poziomic
Invoking: GCC C++ Linker
g++  -o "gen_poziomic"  ./src/main.o ./src/utils.o   
Finished building target: gen_poziomic
 
20:43:40 **** Incremental Build of configuration Debug for project gen_poziomic ****
make all 
Building file: ../src/main.cpp
Invoking: GCC C++ Compiler
g++ -O0 -g3 -Wall -c -fmessage-length=0 -MMD -MP -MF"src/main.d" -MT"src/main.d" -o "src/main.o" "../src/main.cpp"
../src/main.cpp: In function ‘int main(int, char**)’:
../src/main.cpp:27:6: warning: unused variable ‘interwal’ [-Wunused-variable]
  int interwal = 20;
      ^
Finished building: ../src/main.cpp
 
Building target: gen_poziomic
Invoking: GCC C++ Linker
g++  -o "gen_poziomic"  ./src/main.o ./src/utils.o   
Finished building target: gen_poziomic
 
20:44:31 **** Incremental Build of configuration Debug for project gen_poziomic ****
make all 
Building file: ../src/main.cpp
Invoking: GCC C++ Compiler
g++ -O0 -g3 -Wall -c -fmessage-length=0 -MMD -MP -MF"src/main.d" -MT"src/main.d" -o "src/main.o" "../src/main.cpp"
../src/main.cpp: In function ‘int main(int, char**)’:
../src/main.cpp:27:6: warning: unused variable ‘interwal’ [-Wunused-variable]
  int interwal = 20;
      ^
Finished building: ../src/main.cpp
 
Building target: gen_poziomic
Invoking: GCC C++ Linker
g++  -o "gen_poziomic"  ./src/main.o ./src/utils.o   
Finished building target: gen_poziomic
 
20:44:39 **** Incremental Build of configuration Debug for project gen_poziomic ****
make all 
make: Nie ma nic do zrobienia w `all'.
20:45:47 **** Incremental Build of configuration Debug for project gen_poziomic ****
make all 
Building file: ../src/main.cpp
Invoking: GCC C++ Compiler
g++ -O0 -g3 -Wall -c -fmessage-length=0 -MMD -MP -MF"src/main.d" -MT"src/main.d" -o "src/main.o" "../src/main.cpp"
../src/main.cpp: In function ‘int main(int, char**)’:
../src/main.cpp:27:6: warning: unused variable ‘interwal’ [-Wunused-variable]
  int interwal = 20;
      ^
Finished building: ../src/main.cpp
 
Building target: gen_poziomic
Invoking: GCC C++ Linker
g++  -o "gen_poziomic"  ./src/main.o ./src/utils.o   
Finished building target: gen_poziomic
 
20:45:50 **** Incremental Build of configuration Debug for project gen_poziomic ****
make all 
make: Nie ma nic do zrobienia w `all'.
20:45:57 **** Incremental Build of configuration Debug for project gen_poziomic ****
make all 
Building file: ../src/main.cpp
Invoking: GCC C++ Compiler
g++ -O0 -g3 -Wall -c -fmessage-length=0 -MMD -MP -MF"src/main.d" -MT"src/main.d" -o "src/main.o" "../src/main.cpp"
../src/main.cpp: In function ‘int main(int, char**)’:
../src/main.cpp:27:6: warning: unused variable ‘interwal’ [-Wunused-variable]
  int interwal = 20;
      ^
Finished building: ../src/main.cpp
 
Building target: gen_poziomic
Invoking: GCC C++ Linker
g++  -o "gen_poziomic"  ./src/main.o ./src/utils.o   
Finished building target: gen_poziomic
 
20:45:59 **** Incremental Build of configuration Debug for project gen_poziomic ****
make all 
make: Nie ma nic do zrobienia w `all'.
20:58:06 **** Incremental Build of configuration Debug for project gen_poziomic ****
make all 
Building file: ../src/main.cpp
Invoking: GCC C++ Compiler
g++ -O0 -g3 -Wall -c -fmessage-length=0 -MMD -MP -MF"src/main.d" -MT"src/main.d" -o "src/main.o" "../src/main.cpp"
Finished building: ../src/main.cpp
 
Building file: ../src/utils.cpp
Invoking: GCC C++ Compiler
g++ -O0 -g3 -Wall -c -fmessage-length=0 -MMD -MP -MF"src/utils.d" -MT"src/utils.d" -o "src/utils.o" "../src/utils.cpp"
Finished building: ../src/utils.cpp
 
Building target: gen_poziomic
Invoking: GCC C++ Linker
g++  -o "gen_poziomic"  ./src/main.o ./src/utils.o   
Finished building target: gen_poziomic
 
20:58:09 **** Incremental Build of configuration Debug for project gen_poziomic ****
make all 
make: Nie ma nic do zrobienia w `all'.
00:39:37 **** Incremental Build of configuration Debug for project gen_poziomic ****
make all 
Building file: ../src/main.cpp
Invoking: GCC C++ Compiler
g++ -O0 -g3 -Wall -c -fmessage-length=0 -MMD -MP -MF"src/main.d" -MT"src/main.d" -o "src/main.o" "../src/main.cpp"
../src/main.cpp: In function ‘int main(int, char**)’:
../src/main.cpp:31:47: error: too few arguments to function ‘void utils::generatePointsToBmp(bitmap_image&, int, int, int, double)’
  utils::generatePointsToBmp(image,x,y,interwal);
                                               ^
In file included from ../src/main.cpp:8:0:
../src/../header/utils.hpp:17:6: note: declared here
 void generatePointsToBmp(bitmap_image &bmp_image,
      ^
make: *** [src/main.o] Błąd 1
00:40:00 **** Incremental Build of configuration Debug for project gen_poziomic ****
make all 
Building file: ../src/main.cpp
Invoking: GCC C++ Compiler
g++ -O0 -g3 -Wall -c -fmessage-length=0 -MMD -MP -MF"src/main.d" -MT"src/main.d" -o "src/main.o" "../src/main.cpp"
Finished building: ../src/main.cpp
 
Building file: ../src/utils.cpp
Invoking: GCC C++ Compiler
g++ -O0 -g3 -Wall -c -fmessage-length=0 -MMD -MP -MF"src/utils.d" -MT"src/utils.d" -o "src/utils.o" "../src/utils.cpp"
../src/utils.cpp:36:2: error: stray ‘\’ in program
  printf(%d\n%d,min,max);
  ^
../src/utils.cpp: In function ‘void utils::generatePointsToBmp(bitmap_image&, int, int, int, double)’:
../src/utils.cpp:36:9: error: expected primary-expression before ‘%’ token
  printf(%d\n%d,min,max);
         ^
../src/utils.cpp:36:10: error: ‘d’ was not declared in this scope
  printf(%d\n%d,min,max);
          ^
make: *** [src/utils.o] Błąd 1
00:40:22 **** Incremental Build of configuration Debug for project gen_poziomic ****
make all 
Building file: ../src/utils.cpp
Invoking: GCC C++ Compiler
g++ -O0 -g3 -Wall -c -fmessage-length=0 -MMD -MP -MF"src/utils.d" -MT"src/utils.d" -o "src/utils.o" "../src/utils.cpp"
../src/utils.cpp: In function ‘void utils::generatePointsToBmp(bitmap_image&, int, int, int, double)’:
../src/utils.cpp:36:25: warning: format ‘%d’ expects argument of type ‘int’, but argument 2 has type ‘long long int’ [-Wformat=]
  printf("%d\n%d",min,max);
                         ^
../src/utils.cpp:36:25: warning: format ‘%d’ expects argument of type ‘int’, but argument 3 has type ‘long long int’ [-Wformat=]
Finished building: ../src/utils.cpp
 
Building target: gen_poziomic
Invoking: GCC C++ Linker
g++  -o "gen_poziomic"  ./src/main.o ./src/utils.o   
Finished building target: gen_poziomic
 
00:40:27 **** Incremental Build of configuration Debug for project gen_poziomic ****
make all 
make: Nie ma nic do zrobienia w `all'.
00:43:04 **** Incremental Build of configuration Debug for project gen_poziomic ****
make all 
Building file: ../src/utils.cpp
Invoking: GCC C++ Compiler
g++ -O0 -g3 -Wall -c -fmessage-length=0 -MMD -MP -MF"src/utils.d" -MT"src/utils.d" -o "src/utils.o" "../src/utils.cpp"
Finished building: ../src/utils.cpp
 
Building target: gen_poziomic
Invoking: GCC C++ Linker
g++  -o "gen_poziomic"  ./src/main.o ./src/utils.o   
Finished building target: gen_poziomic
 
00:43:07 **** Incremental Build of configuration Debug for project gen_poziomic ****
make all 
make: Nie ma nic do zrobienia w `all'.
00:44:56 **** Incremental Build of configuration Debug for project gen_poziomic ****
make all 
Building file: ../src/utils.cpp
Invoking: GCC C++ Compiler
g++ -O0 -g3 -Wall -c -fmessage-length=0 -MMD -MP -MF"src/utils.d" -MT"src/utils.d" -o "src/utils.o" "../src/utils.cpp"
Finished building: ../src/utils.cpp
 
Building target: gen_poziomic
Invoking: GCC C++ Linker
g++  -o "gen_poziomic"  ./src/main.o ./src/utils.o   
Finished building target: gen_poziomic
 
00:45:00 **** Incremental Build of configuration Debug for project gen_poziomic ****
make all 
make: Nie ma nic do zrobienia w `all'.
00:47:07 **** Incremental Build of configuration Debug for project gen_poziomic ****
make all 
Building file: ../src/utils.cpp
Invoking: GCC C++ Compiler
g++ -O0 -g3 -Wall -c -fmessage-length=0 -MMD -MP -MF"src/utils.d" -MT"src/utils.d" -o "src/utils.o" "../src/utils.cpp"
Finished building: ../src/utils.cpp
 
Building target: gen_poziomic
Invoking: GCC C++ Linker
g++  -o "gen_poziomic"  ./src/main.o ./src/utils.o   
Finished building target: gen_poziomic
 
00:47:10 **** Incremental Build of configuration Debug for project gen_poziomic ****
make all 
make: Nie ma nic do zrobienia w `all'.
00:47:22 **** Incremental Build of configuration Debug for project gen_poziomic ****
make all 
make: Nie ma nic do zrobienia w `all'.
15:50:39 **** Incremental Build of configuration Debug for project gen_poziomic ****
make all 
Building file: ../src/main.cpp
Invoking: GCC C++ Compiler
g++ -O0 -g3 -Wall -c -fmessage-length=0 -MMD -MP -MF"src/main.d" -MT"src/main.d" -o "src/main.o" "../src/main.cpp"
../src/main.cpp: In function ‘int main(int, char**)’:
../src/main.cpp:31:37: error: expected primary-expression before ‘int’
  image = utils::generatePointsToBmp(int points_per_unit,
                                     ^
../src/main.cpp:25:6: warning: unused variable ‘count_points’ [-Wunused-variable]
  int count_points = 1000;
      ^
../src/main.cpp:26:6: warning: unused variable ‘przedzial’ [-Wunused-variable]
  int przedzial = 5;
      ^
../src/main.cpp:27:6: warning: unused variable ‘interwal’ [-Wunused-variable]
  int interwal = 20;
      ^
make: *** [src/main.o] Błąd 1
15:51:11 **** Incremental Build of configuration Debug for project gen_poziomic ****
make all 
Building file: ../src/main.cpp
Invoking: GCC C++ Compiler
g++ -O0 -g3 -Wall -c -fmessage-length=0 -MMD -MP -MF"src/main.d" -MT"src/main.d" -o "src/main.o" "../src/main.cpp"
../src/main.cpp: In function ‘int main(int, char**)’:
../src/main.cpp:26:6: warning: unused variable ‘przedzial’ [-Wunused-variable]
  int przedzial = 5;
      ^
../src/main.cpp:27:6: warning: unused variable ‘interwal’ [-Wunused-variable]
  int interwal = 20;
      ^
Finished building: ../src/main.cpp
 
Building file: ../src/utils.cpp
Invoking: GCC C++ Compiler
g++ -O0 -g3 -Wall -c -fmessage-length=0 -MMD -MP -MF"src/utils.d" -MT"src/utils.d" -o "src/utils.o" "../src/utils.cpp"
../src/utils.cpp: In function ‘bitmap_image* utils::generatePointsToBmp(int, double (*)(double, double), double, double, double, double, int, int)’:
../src/utils.cpp:25:60: error: default argument given for parameter 8 of ‘bitmap_image* utils::generatePointsToBmp(int, double (*)(double, double), double, double, double, double, int, int)’ [-fpermissive]
   int count_isometric , int percent_isometric_drawing = 100)
                                                            ^
In file included from ../src/utils.cpp:1:0:
../src/../header/utils.hpp:19:16: error: after previous specification in ‘bitmap_image* utils::generatePointsToBmp(int, double (*)(double, double), double, double, double, double, int, int)’ [-fpermissive]
  bitmap_image* generatePointsToBmp(int points_per_unit,
                ^
make: *** [src/utils.o] Błąd 1
15:51:28 **** Incremental Build of configuration Debug for project gen_poziomic ****
make all 
Building file: ../src/main.cpp
Invoking: GCC C++ Compiler
g++ -O0 -g3 -Wall -c -fmessage-length=0 -MMD -MP -MF"src/main.d" -MT"src/main.d" -o "src/main.o" "../src/main.cpp"
Finished building: ../src/main.cpp
 
Building file: ../src/utils.cpp
Invoking: GCC C++ Compiler
g++ -O0 -g3 -Wall -c -fmessage-length=0 -MMD -MP -MF"src/utils.d" -MT"src/utils.d" -o "src/utils.o" "../src/utils.cpp"
../src/utils.cpp: In function ‘bitmap_image* utils::generatePointsToBmp(int, double (*)(double, double), double, double, double, double, int, int)’:
../src/utils.cpp:25:60: error: default argument given for parameter 8 of ‘bitmap_image* utils::generatePointsToBmp(int, double (*)(double, double), double, double, double, double, int, int)’ [-fpermissive]
   int count_isometric , int percent_isometric_drawing = 100)
                                                            ^
In file included from ../src/utils.cpp:1:0:
../src/../header/utils.hpp:19:16: error: after previous specification in ‘bitmap_image* utils::generatePointsToBmp(int, double (*)(double, double), double, double, double, double, int, int)’ [-fpermissive]
  bitmap_image* generatePointsToBmp(int points_per_unit,
                ^
make: *** [src/utils.o] Błąd 1
15:52:21 **** Incremental Build of configuration Debug for project gen_poziomic ****
make all 
Building file: ../src/utils.cpp
Invoking: GCC C++ Compiler
g++ -O0 -g3 -Wall -c -fmessage-length=0 -MMD -MP -MF"src/utils.d" -MT"src/utils.d" -o "src/utils.o" "../src/utils.cpp"
Finished building: ../src/utils.cpp
 
Building target: gen_poziomic
Invoking: GCC C++ Linker
g++  -o "gen_poziomic"  ./src/main.o ./src/utils.o   
Finished building target: gen_poziomic
 
15:55:46 **** Incremental Build of configuration Debug for project gen_poziomic ****
make all 
Building file: ../src/utils.cpp
Invoking: GCC C++ Compiler
g++ -O0 -g3 -Wall -c -fmessage-length=0 -MMD -MP -MF"src/utils.d" -MT"src/utils.d" -o "src/utils.o" "../src/utils.cpp"
Finished building: ../src/utils.cpp
 
Building target: gen_poziomic
Invoking: GCC C++ Linker
g++  -o "gen_poziomic"  ./src/main.o ./src/utils.o   
Finished building target: gen_poziomic
 
15:56:12 **** Incremental Build of configuration Debug for project gen_poziomic ****
make all 
make: Nie ma nic do zrobienia w `all'.
15:57:10 **** Incremental Build of configuration Debug for project gen_poziomic ****
make all 
Building file: ../src/utils.cpp
Invoking: GCC C++ Compiler
g++ -O0 -g3 -Wall -c -fmessage-length=0 -MMD -MP -MF"src/utils.d" -MT"src/utils.d" -o "src/utils.o" "../src/utils.cpp"
Finished building: ../src/utils.cpp
 
Building target: gen_poziomic
Invoking: GCC C++ Linker
g++  -o "gen_poziomic"  ./src/main.o ./src/utils.o   
Finished building target: gen_poziomic
 
15:57:12 **** Incremental Build of configuration Debug for project gen_poziomic ****
make all 
make: Nie ma nic do zrobienia w `all'.
15:57:34 **** Incremental Build of configuration Debug for project gen_poziomic ****
make all 
Building file: ../src/utils.cpp
Invoking: GCC C++ Compiler
g++ -O0 -g3 -Wall -c -fmessage-length=0 -MMD -MP -MF"src/utils.d" -MT"src/utils.d" -o "src/utils.o" "../src/utils.cpp"
Finished building: ../src/utils.cpp
 
Building target: gen_poziomic
Invoking: GCC C++ Linker
g++  -o "gen_poziomic"  ./src/main.o ./src/utils.o   
Finished building target: gen_poziomic
 
15:57:36 **** Incremental Build of configuration Debug for project gen_poziomic ****
make all 
make: Nie ma nic do zrobienia w `all'.
15:59:54 **** Incremental Build of configuration Debug for project gen_poziomic ****
make all 
Building file: ../src/main.cpp
Invoking: GCC C++ Compiler
g++ -O0 -g3 -Wall -c -fmessage-length=0 -MMD -MP -MF"src/main.d" -MT"src/main.d" -o "src/main.o" "../src/main.cpp"
Finished building: ../src/main.cpp
 
Building file: ../src/utils.cpp
Invoking: GCC C++ Compiler
g++ -O0 -g3 -Wall -c -fmessage-length=0 -MMD -MP -MF"src/utils.d" -MT"src/utils.d" -o "src/utils.o" "../src/utils.cpp"
Finished building: ../src/utils.cpp
 
Building target: gen_poziomic
Invoking: GCC C++ Linker
g++  -o "gen_poziomic"  ./src/main.o ./src/utils.o   
Finished building target: gen_poziomic
 
15:59:58 **** Incremental Build of configuration Debug for project gen_poziomic ****
make all 
make: Nie ma nic do zrobienia w `all'.
16:20:55 **** Incremental Build of configuration Debug for project gen_poziomic ****
make all 
Building file: ../src/utils.cpp
Invoking: GCC C++ Compiler
g++ -O0 -g3 -Wall -c -fmessage-length=0 -MMD -MP -MF"src/utils.d" -MT"src/utils.d" -o "src/utils.o" "../src/utils.cpp"
../src/utils.cpp:11:2: error: ‘string’ does not name a type
  string what()
  ^
../src/utils.cpp:5:7: error: looser throw specifier for ‘virtual MyException::~MyException()’
 class MyException : std::exception
       ^
In file included from /usr/include/c++/4.8/ios:39:0,
                 from /usr/include/c++/4.8/ostream:38,
                 from /usr/include/c++/4.8/iostream:39,
                 from ../src/../header/utils.hpp:8,
                 from ../src/utils.cpp:1:
/usr/include/c++/4.8/exception:64:13: error:   overriding ‘virtual std::exception::~exception() throw ()’
     virtual ~exception() _GLIBCXX_USE_NOEXCEPT;
             ^
make: *** [src/utils.o] Błąd 1
16:21:18 **** Incremental Build of configuration Debug for project gen_poziomic ****
make all 
Building file: ../src/utils.cpp
Invoking: GCC C++ Compiler
g++ -O0 -g3 -Wall -c -fmessage-length=0 -MMD -MP -MF"src/utils.d" -MT"src/utils.d" -o "src/utils.o" "../src/utils.cpp"
../src/utils.cpp:5:7: error: looser throw specifier for ‘virtual MyException::~MyException()’
 class MyException : std::exception
       ^
In file included from /usr/include/c++/4.8/ios:39:0,
                 from /usr/include/c++/4.8/ostream:38,
                 from /usr/include/c++/4.8/iostream:39,
                 from ../src/../header/utils.hpp:8,
                 from ../src/utils.cpp:1:
/usr/include/c++/4.8/exception:64:13: error:   overriding ‘virtual std::exception::~exception() throw ()’
     virtual ~exception() _GLIBCXX_USE_NOEXCEPT;
             ^
make: *** [src/utils.o] Błąd 1
16:21:44 **** Incremental Build of configuration Debug for project gen_poziomic ****
make all 
Building file: ../src/utils.cpp
Invoking: GCC C++ Compiler
g++ -O0 -g3 -Wall -c -fmessage-length=0 -MMD -MP -MF"src/utils.d" -MT"src/utils.d" -o "src/utils.o" "../src/utils.cpp"
../src/utils.cpp:15:2: error: looser throw specifier for ‘virtual MyException::~MyException()’
  ~MyException(){}
  ^
In file included from /usr/include/c++/4.8/ios:39:0,
                 from /usr/include/c++/4.8/ostream:38,
                 from /usr/include/c++/4.8/iostream:39,
                 from ../src/../header/utils.hpp:8,
                 from ../src/utils.cpp:1:
/usr/include/c++/4.8/exception:64:13: error:   overriding ‘virtual std::exception::~exception() throw ()’
     virtual ~exception() _GLIBCXX_USE_NOEXCEPT;
             ^
make: *** [src/utils.o] Błąd 1
16:22:14 **** Incremental Build of configuration Debug for project gen_poziomic ****
make all 
Building file: ../src/utils.cpp
Invoking: GCC C++ Compiler
g++ -O0 -g3 -Wall -c -fmessage-length=0 -MMD -MP -MF"src/utils.d" -MT"src/utils.d" -o "src/utils.o" "../src/utils.cpp"
../src/utils.cpp:15:2: error: looser throw specifier for ‘virtual MyException::~MyException()’
  ~MyException(){}
  ^
In file included from /usr/include/c++/4.8/ios:39:0,
                 from /usr/include/c++/4.8/ostream:38,
                 from /usr/include/c++/4.8/iostream:39,
                 from ../src/../header/utils.hpp:8,
                 from ../src/utils.cpp:1:
/usr/include/c++/4.8/exception:64:13: error:   overriding ‘virtual std::exception::~exception() throw ()’
     virtual ~exception() _GLIBCXX_USE_NOEXCEPT;
             ^
make: *** [src/utils.o] Błąd 1
16:22:36 **** Incremental Build of configuration Debug for project gen_poziomic ****
make all 
Building file: ../src/utils.cpp
Invoking: GCC C++ Compiler
g++ -O0 -g3 -Wall -c -fmessage-length=0 -MMD -MP -MF"src/utils.d" -MT"src/utils.d" -o "src/utils.o" "../src/utils.cpp"
../src/utils.cpp:15:10: error: looser throw specifier for ‘virtual MyException::~MyException()’
  virtual ~MyException(){}
          ^
In file included from /usr/include/c++/4.8/ios:39:0,
                 from /usr/include/c++/4.8/ostream:38,
                 from /usr/include/c++/4.8/iostream:39,
                 from ../src/../header/utils.hpp:8,
                 from ../src/utils.cpp:1:
/usr/include/c++/4.8/exception:64:13: error:   overriding ‘virtual std::exception::~exception() throw ()’
     virtual ~exception() _GLIBCXX_USE_NOEXCEPT;
             ^
make: *** [src/utils.o] Błąd 1
16:22:53 **** Incremental Build of configuration Debug for project gen_poziomic ****
make all 
Building file: ../src/utils.cpp
Invoking: GCC C++ Compiler
g++ -O0 -g3 -Wall -c -fmessage-length=0 -MMD -MP -MF"src/utils.d" -MT"src/utils.d" -o "src/utils.o" "../src/utils.cpp"
Finished building: ../src/utils.cpp
 
Building target: gen_poziomic
Invoking: GCC C++ Linker
g++  -o "gen_poziomic"  ./src/main.o ./src/utils.o   
Finished building target: gen_poziomic
 
16:25:17 **** Incremental Build of configuration Debug for project gen_poziomic ****
make all 
Building file: ../src/main.cpp
Invoking: GCC C++ Compiler
g++ -O0 -g3 -Wall -c -fmessage-length=0 -MMD -MP -MF"src/main.d" -MT"src/main.d" -o "src/main.o" "../src/main.cpp"
Finished building: ../src/main.cpp
 
Building file: ../src/utils.cpp
Invoking: GCC C++ Compiler
g++ -O0 -g3 -Wall -c -fmessage-length=0 -MMD -MP -MF"src/utils.d" -MT"src/utils.d" -o "src/utils.o" "../src/utils.cpp"
Finished building: ../src/utils.cpp
 
Building target: gen_poziomic
Invoking: GCC C++ Linker
g++  -o "gen_poziomic"  ./src/main.o ./src/utils.o   
Finished building target: gen_poziomic
 
16:25:47 **** Incremental Build of configuration Debug for project gen_poziomic ****
make all 
Building file: ../src/main.cpp
Invoking: GCC C++ Compiler
g++ -O0 -g3 -Wall -c -fmessage-length=0 -MMD -MP -MF"src/main.d" -MT"src/main.d" -o "src/main.o" "../src/main.cpp"
Finished building: ../src/main.cpp
 
Building target: gen_poziomic
Invoking: GCC C++ Linker
g++  -o "gen_poziomic"  ./src/main.o ./src/utils.o   
Finished building target: gen_poziomic
 
16:26:05 **** Incremental Build of configuration Debug for project gen_poziomic ****
make all 
make: Nie ma nic do zrobienia w `all'.
16:33:40 **** Incremental Build of configuration Debug for project gen_poziomic ****
make all 
Building file: ../src/utils.cpp
Invoking: GCC C++ Compiler
g++ -O0 -g3 -Wall -c -fmessage-length=0 -MMD -MP -MF"src/utils.d" -MT"src/utils.d" -o "src/utils.o" "../src/utils.cpp"
../src/utils.cpp: In function ‘bitmap_image* utils::generatePointsToBmp(int, double (*)(double, double), double, double, double, double, int, int)’:
../src/utils.cpp:46:21: warning: large integer implicitly truncated to unsigned type [-Woverflow]
  image->clear(0xffff)
                     ^
../src/utils.cpp:48:2: error: expected ‘;’ before ‘double’
  double *table[width];
  ^
../src/utils.cpp:51:3: error: ‘table’ was not declared in this scope
   table[i] = new double[height];
   ^
../src/utils.cpp:67:4: error: ‘table’ was not declared in this scope
    table[x][y] = fun_calc(x_value,y_value);
    ^
../src/utils.cpp:86:2: error: expected primary-expression before ‘for’
  for (int i=0;i<width;++i)
  ^
../src/utils.cpp:86:15: error: name lookup of ‘i’ changed for ISO ‘for’ scoping [-fpermissive]
  for (int i=0;i<width;++i)
               ^
../src/utils.cpp:86:15: note: (if you use ‘-fpermissive’ G++ will accept your code)
../src/utils.cpp:86:16: warning: statement has no effect [-Wunused-value]
  for (int i=0;i<width;++i)
                ^
../src/utils.cpp:86:26: error: expected ‘;’ before ‘)’ token
  for (int i=0;i<width;++i)
                          ^
../src/utils.cpp:81:9: warning: unused variable ‘value_interval’ [-Wunused-variable]
  double value_interval = max - min; // rozpiętość przedziału wyniku
         ^
../src/utils.cpp:82:9: warning: unused variable ‘top_limes’ [-Wunused-variable]
  double top_limes =
         ^
make: *** [src/utils.o] Błąd 1
16:33:43 **** Incremental Build of configuration Debug for project gen_poziomic ****
make all 
Building file: ../src/utils.cpp
Invoking: GCC C++ Compiler
g++ -O0 -g3 -Wall -c -fmessage-length=0 -MMD -MP -MF"src/utils.d" -MT"src/utils.d" -o "src/utils.o" "../src/utils.cpp"
../src/utils.cpp: In function ‘bitmap_image* utils::generatePointsToBmp(int, double (*)(double, double), double, double, double, double, int, int)’:
../src/utils.cpp:46:21: warning: large integer implicitly truncated to unsigned type [-Woverflow]
  image->clear(0xffff);
                     ^
../src/utils.cpp:86:2: error: expected primary-expression before ‘for’
  for (int i=0;i<width;++i)
  ^
../src/utils.cpp:86:15: error: name lookup of ‘i’ changed for ISO ‘for’ scoping [-fpermissive]
  for (int i=0;i<width;++i)
               ^
../src/utils.cpp:86:15: note: (if you use ‘-fpermissive’ G++ will accept your code)
../src/utils.cpp:86:16: warning: statement has no effect [-Wunused-value]
  for (int i=0;i<width;++i)
                ^
../src/utils.cpp:86:26: error: expected ‘;’ before ‘)’ token
  for (int i=0;i<width;++i)
                          ^
../src/utils.cpp:81:9: warning: unused variable ‘value_interval’ [-Wunused-variable]
  double value_interval = max - min; // rozpiętość przedziału wyniku
         ^
../src/utils.cpp:82:9: warning: unused variable ‘top_limes’ [-Wunused-variable]
  double top_limes =
         ^
make: *** [src/utils.o] Błąd 1
16:33:56 **** Incremental Build of configuration Debug for project gen_poziomic ****
make all 
Building file: ../src/utils.cpp
Invoking: GCC C++ Compiler
g++ -O0 -g3 -Wall -c -fmessage-length=0 -MMD -MP -MF"src/utils.d" -MT"src/utils.d" -o "src/utils.o" "../src/utils.cpp"
../src/utils.cpp: In function ‘bitmap_image* utils::generatePointsToBmp(int, double (*)(double, double), double, double, double, double, int, int)’:
../src/utils.cpp:46:21: warning: large integer implicitly truncated to unsigned type [-Woverflow]
  image->clear(0xffff);
                     ^
../src/utils.cpp:81:9: warning: unused variable ‘value_interval’ [-Wunused-variable]
  double value_interval = max - min; // rozpiętość przedziału wyniku
         ^
Finished building: ../src/utils.cpp
 
Building target: gen_poziomic
Invoking: GCC C++ Linker
g++  -o "gen_poziomic"  ./src/main.o ./src/utils.o   
Finished building target: gen_poziomic
 
16:33:59 **** Incremental Build of configuration Debug for project gen_poziomic ****
make all 
make: Nie ma nic do zrobienia w `all'.
16:50:04 **** Incremental Build of configuration Debug for project gen_poziomic ****
make all 
Building file: ../src/utils.cpp
Invoking: GCC C++ Compiler
g++ -O0 -g3 -Wall -c -fmessage-length=0 -MMD -MP -MF"src/utils.d" -MT"src/utils.d" -o "src/utils.o" "../src/utils.cpp"
../src/utils.cpp: In function ‘bitmap_image* utils::generatePointsToBmp(int, double (*)(double, double), double, double, double, double, int, int)’:
../src/utils.cpp:47:21: warning: large integer implicitly truncated to unsigned type [-Woverflow]
  image->clear(0xffff); // ustaw biały kolor
                     ^
../src/utils.cpp:90:9: warning: unused variable ‘accuracy’ [-Wunused-variable]
  double accuracy = 0.01;
         ^
Finished building: ../src/utils.cpp
 
Building target: gen_poziomic
Invoking: GCC C++ Linker
g++  -o "gen_poziomic"  ./src/main.o ./src/utils.o   
Finished building target: gen_poziomic
 
16:50:07 **** Incremental Build of configuration Debug for project gen_poziomic ****
make all 
make: Nie ma nic do zrobienia w `all'.
17:11:47 **** Incremental Build of configuration Debug for project gen_poziomic ****
make all 
Building file: ../src/utils.cpp
Invoking: GCC C++ Compiler
g++ -O0 -g3 -Wall -c -fmessage-length=0 -MMD -MP -MF"src/utils.d" -MT"src/utils.d" -o "src/utils.o" "../src/utils.cpp"
../src/utils.cpp: In function ‘bitmap_image* utils::generatePointsToBmp(int, double (*)(double, double), double, double, double, double, int, int)’:
../src/utils.cpp:47:21: warning: large integer implicitly truncated to unsigned type [-Woverflow]
  image->clear(0xffff); // ustaw biały kolor
                     ^
Finished building: ../src/utils.cpp
 
Building target: gen_poziomic
Invoking: GCC C++ Linker
g++  -o "gen_poziomic"  ./src/main.o ./src/utils.o   
Finished building target: gen_poziomic
 
17:11:50 **** Incremental Build of configuration Debug for project gen_poziomic ****
make all 
make: Nie ma nic do zrobienia w `all'.
17:12:45 **** Incremental Build of configuration Debug for project gen_poziomic ****
make all 
Building file: ../src/utils.cpp
Invoking: GCC C++ Compiler
g++ -O0 -g3 -Wall -c -fmessage-length=0 -MMD -MP -MF"src/utils.d" -MT"src/utils.d" -o "src/utils.o" "../src/utils.cpp"
../src/utils.cpp: In function ‘bitmap_image* utils::generatePointsToBmp(int, double (*)(double, double), double, double, double, double, int, int)’:
../src/utils.cpp:47:21: warning: large integer implicitly truncated to unsigned type [-Woverflow]
  image->clear(0xffff); // ustaw biały kolor
                     ^
Finished building: ../src/utils.cpp
 
Building target: gen_poziomic
Invoking: GCC C++ Linker
g++  -o "gen_poziomic"  ./src/main.o ./src/utils.o   
Finished building target: gen_poziomic
 
17:13:27 **** Incremental Build of configuration Debug for project gen_poziomic ****
make all 
Building file: ../src/utils.cpp
Invoking: GCC C++ Compiler
g++ -O0 -g3 -Wall -c -fmessage-length=0 -MMD -MP -MF"src/utils.d" -MT"src/utils.d" -o "src/utils.o" "../src/utils.cpp"
../src/utils.cpp: In function ‘bitmap_image* utils::generatePointsToBmp(int, double (*)(double, double), double, double, double, double, int, int)’:
../src/utils.cpp:47:21: warning: large integer implicitly truncated to unsigned type [-Woverflow]
  image->clear(0xffff); // ustaw biały kolor
                     ^
Finished building: ../src/utils.cpp
 
Building target: gen_poziomic
Invoking: GCC C++ Linker
g++  -o "gen_poziomic"  ./src/main.o ./src/utils.o   
Finished building target: gen_poziomic
 
17:13:47 **** Incremental Build of configuration Debug for project gen_poziomic ****
make all 
Building file: ../src/utils.cpp
Invoking: GCC C++ Compiler
g++ -O0 -g3 -Wall -c -fmessage-length=0 -MMD -MP -MF"src/utils.d" -MT"src/utils.d" -o "src/utils.o" "../src/utils.cpp"
../src/utils.cpp: In function ‘bitmap_image* utils::generatePointsToBmp(int, double (*)(double, double), double, double, double, double, int, int)’:
../src/utils.cpp:47:21: warning: large integer implicitly truncated to unsigned type [-Woverflow]
  image->clear(0xffff); // ustaw biały kolor
                     ^
Finished building: ../src/utils.cpp
 
Building target: gen_poziomic
Invoking: GCC C++ Linker
g++  -o "gen_poziomic"  ./src/main.o ./src/utils.o   
Finished building target: gen_poziomic
 
17:13:50 **** Incremental Build of configuration Debug for project gen_poziomic ****
make all 
make: Nie ma nic do zrobienia w `all'.
17:14:12 **** Incremental Build of configuration Debug for project gen_poziomic ****
make all 
Building file: ../src/utils.cpp
Invoking: GCC C++ Compiler
g++ -O0 -g3 -Wall -c -fmessage-length=0 -MMD -MP -MF"src/utils.d" -MT"src/utils.d" -o "src/utils.o" "../src/utils.cpp"
../src/utils.cpp: In function ‘bitmap_image* utils::generatePointsToBmp(int, double (*)(double, double), double, double, double, double, int, int)’:
../src/utils.cpp:47:21: warning: large integer implicitly truncated to unsigned type [-Woverflow]
  image->clear(0xffff); // ustaw biały kolor
                     ^
Finished building: ../src/utils.cpp
 
Building target: gen_poziomic
Invoking: GCC C++ Linker
g++  -o "gen_poziomic"  ./src/main.o ./src/utils.o   
Finished building target: gen_poziomic
 
17:14:15 **** Incremental Build of configuration Debug for project gen_poziomic ****
make all 
make: Nie ma nic do zrobienia w `all'.
17:14:37 **** Incremental Build of configuration Debug for project gen_poziomic ****
make all 
Building file: ../src/utils.cpp
Invoking: GCC C++ Compiler
g++ -O0 -g3 -Wall -c -fmessage-length=0 -MMD -MP -MF"src/utils.d" -MT"src/utils.d" -o "src/utils.o" "../src/utils.cpp"
../src/utils.cpp: In function ‘bitmap_image* utils::generatePointsToBmp(int, double (*)(double, double), double, double, double, double, int, int)’:
../src/utils.cpp:47:21: warning: large integer implicitly truncated to unsigned type [-Woverflow]
  image->clear(0xffff); // ustaw biały kolor
                     ^
Finished building: ../src/utils.cpp
 
Building target: gen_poziomic
Invoking: GCC C++ Linker
g++  -o "gen_poziomic"  ./src/main.o ./src/utils.o   
Finished building target: gen_poziomic
 
17:14:43 **** Incremental Build of configuration Debug for project gen_poziomic ****
make all 
make: Nie ma nic do zrobienia w `all'.
17:15:15 **** Incremental Build of configuration Debug for project gen_poziomic ****
make all 
Building file: ../src/utils.cpp
Invoking: GCC C++ Compiler
g++ -O0 -g3 -Wall -c -fmessage-length=0 -MMD -MP -MF"src/utils.d" -MT"src/utils.d" -o "src/utils.o" "../src/utils.cpp"
../src/utils.cpp: In function ‘bitmap_image* utils::generatePointsToBmp(int, double (*)(double, double), double, double, double, double, int, int)’:
../src/utils.cpp:47:21: warning: large integer implicitly truncated to unsigned type [-Woverflow]
  image->clear(0xffff); // ustaw biały kolor
                     ^
Finished building: ../src/utils.cpp
 
Building target: gen_poziomic
Invoking: GCC C++ Linker
g++  -o "gen_poziomic"  ./src/main.o ./src/utils.o   
Finished building target: gen_poziomic
 
17:15:19 **** Incremental Build of configuration Debug for project gen_poziomic ****
make all 
make: Nie ma nic do zrobienia w `all'.
17:16:22 **** Incremental Build of configuration Debug for project gen_poziomic ****
make all 
Building file: ../src/main.cpp
Invoking: GCC C++ Compiler
g++ -O0 -g3 -Wall -c -fmessage-length=0 -MMD -MP -MF"src/main.d" -MT"src/main.d" -o "src/main.o" "../src/main.cpp"
Finished building: ../src/main.cpp
 
Building target: gen_poziomic
Invoking: GCC C++ Linker
g++  -o "gen_poziomic"  ./src/main.o ./src/utils.o   
Finished building target: gen_poziomic
 
17:16:25 **** Incremental Build of configuration Debug for project gen_poziomic ****
make all 
make: Nie ma nic do zrobienia w `all'.
17:17:51 **** Incremental Build of configuration Debug for project gen_poziomic ****
make all 
Building file: ../src/utils.cpp
Invoking: GCC C++ Compiler
g++ -O0 -g3 -Wall -c -fmessage-length=0 -MMD -MP -MF"src/utils.d" -MT"src/utils.d" -o "src/utils.o" "../src/utils.cpp"
../src/utils.cpp: In function ‘bitmap_image* utils::generatePointsToBmp(int, double (*)(double, double), double, double, double, double, int, int)’:
../src/utils.cpp:47:21: warning: large integer implicitly truncated to unsigned type [-Woverflow]
  image->clear(0xffff); // ustaw biały kolor
                     ^
Finished building: ../src/utils.cpp
 
Building target: gen_poziomic
Invoking: GCC C++ Linker
g++  -o "gen_poziomic"  ./src/main.o ./src/utils.o   
Finished building target: gen_poziomic
 
17:17:55 **** Incremental Build of configuration Debug for project gen_poziomic ****
make all 
make: Nie ma nic do zrobienia w `all'.
17:20:31 **** Incremental Build of configuration Debug for project gen_poziomic ****
make all 
Building file: ../src/main.cpp
Invoking: GCC C++ Compiler
g++ -O0 -g3 -Wall -c -fmessage-length=0 -MMD -MP -MF"src/main.d" -MT"src/main.d" -o "src/main.o" "../src/main.cpp"
Finished building: ../src/main.cpp
 
Building target: gen_poziomic
Invoking: GCC C++ Linker
g++  -o "gen_poziomic"  ./src/main.o ./src/utils.o   
Finished building target: gen_poziomic
 
17:20:33 **** Incremental Build of configuration Debug for project gen_poziomic ****
make all 
make: Nie ma nic do zrobienia w `all'.
17:20:48 **** Incremental Build of configuration Debug for project gen_poziomic ****
make all 
Building file: ../src/main.cpp
Invoking: GCC C++ Compiler
g++ -O0 -g3 -Wall -c -fmessage-length=0 -MMD -MP -MF"src/main.d" -MT"src/main.d" -o "src/main.o" "../src/main.cpp"
Finished building: ../src/main.cpp
 
Building target: gen_poziomic
Invoking: GCC C++ Linker
g++  -o "gen_poziomic"  ./src/main.o ./src/utils.o   
Finished building target: gen_poziomic
 
17:20:51 **** Incremental Build of configuration Debug for project gen_poziomic ****
make all 
make: Nie ma nic do zrobienia w `all'.
17:59:09 **** Incremental Build of configuration Debug for project gen_poziomic ****
make all 
Building file: ../src/main.cpp
Invoking: GCC C++ Compiler
g++ -O0 -g3 -Wall -c -fmessage-length=0 -MMD -MP -MF"src/main.d" -MT"src/main.d" -o "src/main.o" "../src/main.cpp"
In file included from ../src/main.cpp:8:0:
../src/../header/utils.hpp:29:49: error: explicit qualification in declaration of ‘bool utils::parse_filename(std::string)’
  bool utils::parse_filename(std::string filename);
                                                 ^
make: *** [src/main.o] Błąd 1
17:59:27 **** Incremental Build of configuration Debug for project gen_poziomic ****
make all 
Building file: ../src/main.cpp
Invoking: GCC C++ Compiler
g++ -O0 -g3 -Wall -c -fmessage-length=0 -MMD -MP -MF"src/main.d" -MT"src/main.d" -o "src/main.o" "../src/main.cpp"
../src/main.cpp: In function ‘int main(int, char**)’:
../src/main.cpp:37:6: warning: variable ‘count_isometric’ set but not used [-Wunused-but-set-variable]
  int count_isometric = 0;
      ^
../src/main.cpp:38:6: warning: variable ‘percent_isometric_drawing’ set but not used [-Wunused-but-set-variable]
  int percent_isometric_drawing = 0;
      ^
Finished building: ../src/main.cpp
 
Building file: ../src/utils.cpp
Invoking: GCC C++ Compiler
g++ -O0 -g3 -Wall -c -fmessage-length=0 -MMD -MP -MF"src/utils.d" -MT"src/utils.d" -o "src/utils.o" "../src/utils.cpp"
../src/utils.cpp: In function ‘bitmap_image* utils::generatePointsToBmp(int, double (*)(double, double), double, double, double, double, int, int)’:
../src/utils.cpp:51:21: warning: large integer implicitly truncated to unsigned type [-Woverflow]
  image->clear(0xffff); // ustaw biały kolor
                     ^
Finished building: ../src/utils.cpp
 
Building target: gen_poziomic
Invoking: GCC C++ Linker
g++  -o "gen_poziomic"  ./src/main.o ./src/utils.o   
Finished building target: gen_poziomic
 
17:59:31 **** Incremental Build of configuration Debug for project gen_poziomic ****
make all 
make: Nie ma nic do zrobienia w `all'.
18:03:17 **** Incremental Build of configuration Debug for project gen_poziomic ****
make all 
Building file: ../src/main.cpp
Invoking: GCC C++ Compiler
g++ -O0 -g3 -Wall -c -fmessage-length=0 -MMD -MP -MF"src/main.d" -MT"src/main.d" -o "src/main.o" "../src/main.cpp"
../src/main.cpp: In function ‘int main(int, char**)’:
../src/main.cpp:37:6: warning: variable ‘count_isometric’ set but not used [-Wunused-but-set-variable]
  int count_isometric = 0;
      ^
../src/main.cpp:38:6: warning: variable ‘percent_isometric_drawing’ set but not used [-Wunused-but-set-variable]
  int percent_isometric_drawing = 0;
      ^
Finished building: ../src/main.cpp
 
Building target: gen_poziomic
Invoking: GCC C++ Linker
g++  -o "gen_poziomic"  ./src/main.o ./src/utils.o   
Finished building target: gen_poziomic
 
18:04:28 **** Incremental Build of configuration Debug for project gen_poziomic ****
make all 
Building file: ../src/main.cpp
Invoking: GCC C++ Compiler
g++ -O0 -g3 -Wall -c -fmessage-length=0 -MMD -MP -MF"src/main.d" -MT"src/main.d" -o "src/main.o" "../src/main.cpp"
../src/main.cpp: In function ‘int main(int, char**)’:
../src/main.cpp:37:6: warning: variable ‘count_isometric’ set but not used [-Wunused-but-set-variable]
  int count_isometric = 0;
      ^
../src/main.cpp:38:6: warning: variable ‘percent_isometric_drawing’ set but not used [-Wunused-but-set-variable]
  int percent_isometric_drawing = 0;
      ^
Finished building: ../src/main.cpp
 
Building target: gen_poziomic
Invoking: GCC C++ Linker
g++  -o "gen_poziomic"  ./src/main.o ./src/utils.o   
Finished building target: gen_poziomic
 
18:11:03 **** Incremental Build of configuration Debug for project gen_poziomic ****
make all 
Building file: ../src/main.cpp
Invoking: GCC C++ Compiler
g++ -O0 -g3 -Wall -c -fmessage-length=0 -MMD -MP -MF"src/main.d" -MT"src/main.d" -o "src/main.o" "../src/main.cpp"
../src/main.cpp: In function ‘int main(int, char**)’:
../src/main.cpp:37:6: warning: variable ‘count_isometric’ set but not used [-Wunused-but-set-variable]
  int count_isometric = 0;
      ^
../src/main.cpp:38:6: warning: variable ‘percent_isometric_drawing’ set but not used [-Wunused-but-set-variable]
  int percent_isometric_drawing = 0;
      ^
Finished building: ../src/main.cpp
 
Building file: ../src/utils.cpp
Invoking: GCC C++ Compiler
g++ -O0 -g3 -Wall -c -fmessage-length=0 -MMD -MP -MF"src/utils.d" -MT"src/utils.d" -o "src/utils.o" "../src/utils.cpp"
../src/utils.cpp: In function ‘bitmap_image* utils::generatePointsToBmp(int, double (*)(double, double), double, double, double, double, int, int)’:
../src/utils.cpp:49:21: warning: large integer implicitly truncated to unsigned type [-Woverflow]
  image->clear(0xffff); // ustaw biały kolor
                     ^
Finished building: ../src/utils.cpp
 
Building target: gen_poziomic
Invoking: GCC C++ Linker
g++  -o "gen_poziomic"  ./src/main.o ./src/utils.o   
./src/utils.o: In function `utils::parse_filename(std::string&)':
/home/michal/Projekty/R_ALHE/Generator_poziomic/gen_poziomic/Debug/../src/utils.cpp:24: undefined reference to `boost::filesystem::portable_posix_name(std::string const&)'
./src/utils.o: In function `__static_initialization_and_destruction_0':
/usr/include/boost/system/error_code.hpp:222: undefined reference to `boost::system::generic_category()'
/usr/include/boost/system/error_code.hpp:223: undefined reference to `boost::system::generic_category()'
/usr/include/boost/system/error_code.hpp:224: undefined reference to `boost::system::system_category()'
collect2: error: ld returned 1 exit status
make: *** [gen_poziomic] Błąd 1
18:17:11 **** Incremental Build of configuration Debug for project gen_poziomic ****
make all 
Building target: gen_poziomic
Invoking: GCC C++ Linker
g++  -o "gen_poziomic"  ./src/main.o ./src/utils.o   -l-lboost_system
/usr/bin/ld: cannot find -l-lboost_system
collect2: error: ld returned 1 exit status
make: *** [gen_poziomic] Błąd 1
18:17:29 **** Incremental Build of configuration Debug for project gen_poziomic ****
make all 
Building target: gen_poziomic
Invoking: GCC C++ Linker
g++  -o "gen_poziomic"  ./src/main.o ./src/utils.o   -lboost_system
./src/utils.o: In function `utils::parse_filename(std::string&)':
/home/michal/Projekty/R_ALHE/Generator_poziomic/gen_poziomic/Debug/../src/utils.cpp:24: undefined reference to `boost::filesystem::portable_posix_name(std::string const&)'
collect2: error: ld returned 1 exit status
make: *** [gen_poziomic] Błąd 1
18:18:23 **** Incremental Build of configuration Debug for project gen_poziomic ****
make all 
Building target: gen_poziomic
Invoking: GCC C++ Linker
g++  -o "gen_poziomic"  ./src/main.o ./src/utils.o   -lboost_system -lboost_filesystem
Finished building target: gen_poziomic
 
20:17:57 **** Incremental Build of configuration Debug for project gen_poziomic ****
make all 
Building file: ../src/main.cpp
Invoking: GCC C++ Compiler
g++ -O0 -g3 -Wall -c -fmessage-length=0 -MMD -MP -MF"src/main.d" -MT"src/main.d" -o "src/main.o" "../src/main.cpp"
../src/main.cpp: In function ‘int main(int, char**)’:
../src/main.cpp:37:6: warning: variable ‘count_isometric’ set but not used [-Wunused-but-set-variable]
  int count_isometric = 0;
      ^
../src/main.cpp:38:6: warning: variable ‘percent_isometric_drawing’ set but not used [-Wunused-but-set-variable]
  int percent_isometric_drawing = 0;
      ^
Finished building: ../src/main.cpp
 
Building file: ../src/utils.cpp
Invoking: GCC C++ Compiler
g++ -O0 -g3 -Wall -c -fmessage-length=0 -MMD -MP -MF"src/utils.d" -MT"src/utils.d" -o "src/utils.o" "../src/utils.cpp"
../src/utils.cpp: In function ‘bitmap_image* utils::generatePointsToBmp(int, double (*)(double, double), double, double, double, double, int, int)’:
../src/utils.cpp:49:21: warning: large integer implicitly truncated to unsigned type [-Woverflow]
  image->clear(0xffff); // ustaw biały kolor
                     ^
Finished building: ../src/utils.cpp
 
Building target: gen_poziomic
Invoking: GCC C++ Linker
g++  -o "gen_poziomic"  ./src/main.o ./src/utils.o   -lboost_system -lboost_filesystem
Finished building target: gen_poziomic
 
20:21:39 **** Incremental Build of configuration Debug for project gen_poziomic ****
make all 
Building file: ../src/main.cpp
Invoking: GCC C++ Compiler
g++ -O0 -g3 -Wall -c -fmessage-length=0 -MMD -MP -MF"src/main.d" -MT"src/main.d" -o "src/main.o" "../src/main.cpp"
Finished building: ../src/main.cpp
 
Building target: gen_poziomic
Invoking: GCC C++ Linker
g++  -o "gen_poziomic"  ./src/main.o ./src/utils.o   -lboost_system -lboost_filesystem
Finished building target: gen_poziomic
 
